Determining if the pthread_create exist failed with the following output:
Change Dir: /home/luis/ROS_Challenges_MCR/Challenge1/build/CMakeFiles/CMakeTmp

Run Build Command:"/usr/bin/make" "cmTC_693ee/fast"
/usr/bin/make -f CMakeFiles/cmTC_693ee.dir/build.make CMakeFiles/cmTC_693ee.dir/build
make[1]: Entering directory '/home/luis/ROS_Challenges_MCR/Challenge1/build/CMakeFiles/CMakeTmp'
Building C object CMakeFiles/cmTC_693ee.dir/CheckSymbolExists.c.o
/usr/bin/cc    -o CMakeFiles/cmTC_693ee.dir/CheckSymbolExists.c.o   -c /home/luis/ROS_Challenges_MCR/Challenge1/build/CMakeFiles/CMakeTmp/CheckSymbolExists.c
Linking C executable cmTC_693ee
/usr/bin/cmake -E cmake_link_script CMakeFiles/cmTC_693ee.dir/link.txt --verbose=1
/usr/bin/cc      -rdynamic CMakeFiles/cmTC_693ee.dir/CheckSymbolExists.c.o  -o cmTC_693ee 
CMakeFiles/cmTC_693ee.dir/CheckSymbolExists.c.o: In function `main':
CheckSymbolExists.c:(.text+0x1b): undefined reference to `pthread_create'
collect2: error: ld returned 1 exit status
CMakeFiles/cmTC_693ee.dir/build.make:97: recipe for target 'cmTC_693ee' failed
make[1]: *** [cmTC_693ee] Error 1
make[1]: Leaving directory '/home/luis/ROS_Challenges_MCR/Challenge1/build/CMakeFiles/CMakeTmp'
Makefile:126: recipe for target 'cmTC_693ee/fast' failed
make: *** [cmTC_693ee/fast] Error 2

File /home/luis/ROS_Challenges_MCR/Challenge1/build/CMakeFiles/CMakeTmp/CheckSymbolExists.c:
/* */
#include <pthread.h>

int main(int argc, char** argv)
{
  (void)argv;
#ifndef pthread_create
  return ((int*)(&pthread_create))[argc];
#else
  (void)argc;
  return 0;
#endif
}

Determining if the function pthread_create exists in the pthreads failed with the following output:
Change Dir: /home/luis/ROS_Challenges_MCR/Challenge1/build/CMakeFiles/CMakeTmp

Run Build Command:"/usr/bin/make" "cmTC_d1dfd/fast"
/usr/bin/make -f CMakeFiles/cmTC_d1dfd.dir/build.make CMakeFiles/cmTC_d1dfd.dir/build
make[1]: Entering directory '/home/luis/ROS_Challenges_MCR/Challenge1/build/CMakeFiles/CMakeTmp'
Building C object CMakeFiles/cmTC_d1dfd.dir/CheckFunctionExists.c.o
/usr/bin/cc   -DCHECK_FUNCTION_EXISTS=pthread_create   -o CMakeFiles/cmTC_d1dfd.dir/CheckFunctionExists.c.o   -c /usr/share/cmake-3.10/Modules/CheckFunctionExists.c
Linking C executable cmTC_d1dfd
/usr/bin/cmake -E cmake_link_script CMakeFiles/cmTC_d1dfd.dir/link.txt --verbose=1
/usr/bin/cc  -DCHECK_FUNCTION_EXISTS=pthread_create    -rdynamic CMakeFiles/cmTC_d1dfd.dir/CheckFunctionExists.c.o  -o cmTC_d1dfd -lpthreads 
/usr/bin/ld: cannot find -lpthreads
collect2: error: ld returned 1 exit status
CMakeFiles/cmTC_d1dfd.dir/build.make:97: recipe for target 'cmTC_d1dfd' failed
make[1]: *** [cmTC_d1dfd] Error 1
make[1]: Leaving directory '/home/luis/ROS_Challenges_MCR/Challenge1/build/CMakeFiles/CMakeTmp'
Makefile:126: recipe for target 'cmTC_d1dfd/fast' failed
make: *** [cmTC_d1dfd/fast] Error 2


