Determining if the pthread_create exist failed with the following output:
Change Dir: /home/luis/ROS_Challenges_MCR/Challenge2/build/CMakeFiles/CMakeTmp

Run Build Command:"/usr/bin/make" "cmTC_7e7bc/fast"
/usr/bin/make -f CMakeFiles/cmTC_7e7bc.dir/build.make CMakeFiles/cmTC_7e7bc.dir/build
make[1]: Entering directory '/home/luis/ROS_Challenges_MCR/Challenge2/build/CMakeFiles/CMakeTmp'
Building C object CMakeFiles/cmTC_7e7bc.dir/CheckSymbolExists.c.o
/usr/bin/cc    -o CMakeFiles/cmTC_7e7bc.dir/CheckSymbolExists.c.o   -c /home/luis/ROS_Challenges_MCR/Challenge2/build/CMakeFiles/CMakeTmp/CheckSymbolExists.c
Linking C executable cmTC_7e7bc
/usr/bin/cmake -E cmake_link_script CMakeFiles/cmTC_7e7bc.dir/link.txt --verbose=1
/usr/bin/cc      -rdynamic CMakeFiles/cmTC_7e7bc.dir/CheckSymbolExists.c.o  -o cmTC_7e7bc 
CMakeFiles/cmTC_7e7bc.dir/CheckSymbolExists.c.o: In function `main':
CheckSymbolExists.c:(.text+0x1b): undefined reference to `pthread_create'
collect2: error: ld returned 1 exit status
CMakeFiles/cmTC_7e7bc.dir/build.make:97: recipe for target 'cmTC_7e7bc' failed
make[1]: *** [cmTC_7e7bc] Error 1
make[1]: Leaving directory '/home/luis/ROS_Challenges_MCR/Challenge2/build/CMakeFiles/CMakeTmp'
Makefile:126: recipe for target 'cmTC_7e7bc/fast' failed
make: *** [cmTC_7e7bc/fast] Error 2

File /home/luis/ROS_Challenges_MCR/Challenge2/build/CMakeFiles/CMakeTmp/CheckSymbolExists.c:
/* */
#include <pthread.h>

int main(int argc, char** argv)
{
  (void)argv;
#ifndef pthread_create
  return ((int*)(&pthread_create))[argc];
#else
  (void)argc;
  return 0;
#endif
}

Determining if the function pthread_create exists in the pthreads failed with the following output:
Change Dir: /home/luis/ROS_Challenges_MCR/Challenge2/build/CMakeFiles/CMakeTmp

Run Build Command:"/usr/bin/make" "cmTC_ca6c6/fast"
/usr/bin/make -f CMakeFiles/cmTC_ca6c6.dir/build.make CMakeFiles/cmTC_ca6c6.dir/build
make[1]: Entering directory '/home/luis/ROS_Challenges_MCR/Challenge2/build/CMakeFiles/CMakeTmp'
Building C object CMakeFiles/cmTC_ca6c6.dir/CheckFunctionExists.c.o
/usr/bin/cc   -DCHECK_FUNCTION_EXISTS=pthread_create   -o CMakeFiles/cmTC_ca6c6.dir/CheckFunctionExists.c.o   -c /usr/share/cmake-3.10/Modules/CheckFunctionExists.c
Linking C executable cmTC_ca6c6
/usr/bin/cmake -E cmake_link_script CMakeFiles/cmTC_ca6c6.dir/link.txt --verbose=1
/usr/bin/cc  -DCHECK_FUNCTION_EXISTS=pthread_create    -rdynamic CMakeFiles/cmTC_ca6c6.dir/CheckFunctionExists.c.o  -o cmTC_ca6c6 -lpthreads 
/usr/bin/ld: cannot find -lpthreads
collect2: error: ld returned 1 exit status
CMakeFiles/cmTC_ca6c6.dir/build.make:97: recipe for target 'cmTC_ca6c6' failed
make[1]: *** [cmTC_ca6c6] Error 1
make[1]: Leaving directory '/home/luis/ROS_Challenges_MCR/Challenge2/build/CMakeFiles/CMakeTmp'
Makefile:126: recipe for target 'cmTC_ca6c6/fast' failed
make: *** [cmTC_ca6c6/fast] Error 2


